#
# There is insufficient memory for the Java Runtime Environment to continue.
# Native memory allocation (malloc) failed to allocate 428976 bytes for Chunk::new
# Possible reasons:
#   The system is out of physical RAM or swap space
#   In 32 bit mode, the process size limit was hit
# Possible solutions:
#   Reduce memory load on the system
#   Increase physical memory or swap space
#   Check if swap backing store is full
#   Use 64 bit Java on a 64 bit OS
#   Decrease Java heap size (-Xmx/-Xms)
#   Decrease number of Java threads
#   Decrease Java thread stack sizes (-Xss)
#   Set larger code cache with -XX:ReservedCodeCacheSize=
# This output file may be truncated or incomplete.
#
#  Out of Memory Error (allocation.cpp:390), pid=12940, tid=0x00000000000006ec
#
# JRE version: Java(TM) SE Runtime Environment (8.0_171-b11) (build 1.8.0_171-b11)
# Java VM: Java HotSpot(TM) 64-Bit Server VM (25.171-b11 mixed mode windows-amd64 compressed oops)
# Failed to write core dump. Minidumps are not enabled by default on client versions of Windows
#

---------------  T H R E A D  ---------------

Current thread (0x0000000018831000):  JavaThread "C2 CompilerThread0" daemon [_thread_in_native, id=1772, stack(0x0000000019020000,0x0000000019120000)]

Stack: [0x0000000019020000,0x0000000019120000]
[error occurred during error reporting (printing stack bounds), id 0xc0000005]

Native frames: (J=compiled Java code, j=interpreted, Vv=VM code, C=native code)


Current CompileTask:
C2:   2662 1126       4       com.google.inject.internal.asm.$Frame::a (2252 bytes)


---------------  P R O C E S S  ---------------

Java Threads: ( => current thread )
  0x00000000188cf800 JavaThread "Service Thread" daemon [_thread_blocked, id=10328, stack(0x0000000019420000,0x0000000019520000)]
  0x0000000018841800 JavaThread "C1 CompilerThread3" daemon [_thread_blocked, id=2808, stack(0x0000000019320000,0x0000000019420000)]
  0x000000001883e800 JavaThread "C2 CompilerThread2" daemon [_thread_in_native, id=4896, stack(0x0000000019220000,0x0000000019320000)]
  0x0000000018834000 JavaThread "C2 CompilerThread1" daemon [_thread_blocked, id=10768, stack(0x0000000019120000,0x0000000019220000)]
=>0x0000000018831000 JavaThread "C2 CompilerThread0" daemon [_thread_in_native, id=1772, stack(0x0000000019020000,0x0000000019120000)]
  0x0000000018830000 JavaThread "Attach Listener" daemon [_thread_blocked, id=10048, stack(0x0000000018f20000,0x0000000019020000)]
  0x000000001882f800 JavaThread "Signal Dispatcher" daemon [_thread_blocked, id=7940, stack(0x0000000018e20000,0x0000000018f20000)]
  0x0000000002c5d800 JavaThread "Finalizer" daemon [_thread_blocked, id=6192, stack(0x0000000018c00000,0x0000000018d00000)]
  0x0000000002c5a000 JavaThread "Reference Handler" daemon [_thread_blocked, id=1308, stack(0x0000000018700000,0x0000000018800000)]
  0x0000000002b66000 JavaThread "main" [_thread_in_Java, id=9912, stack(0x0000000002a60000,0x0000000002b60000)]

Other Threads:
  0x0000000016929800 VMThread [stack: 0x0000000018600000,0x0000000018700000] [id=1060]
  0x0000000018920800 WatcherThread [stack: 0x0000000019520000,0x0000000019620000] [id=8184]

VM state:not at safepoint (normal execution)

VM Mutex/Monitor currently owned by a thread: None

Heap:
 PSYoungGen      total 28672K, used 16876K [0x00000000e0980000, 0x00000000e2980000, 0x0000000100000000)
  eden space 24576K, 52% used [0x00000000e0980000,0x00000000e16026f8,0x00000000e2180000)
  from space 4096K, 99% used [0x00000000e2180000,0x00000000e2578b88,0x00000000e2580000)
  to   space 4096K, 0% used [0x00000000e2580000,0x00000000e2580000,0x00000000e2980000)
 ParOldGen       total 65536K, used 2165K [0x00000000a1c00000, 0x00000000a5c00000, 0x00000000e0980000)
  object space 65536K, 3% used [0x00000000a1c00000,0x00000000a1e1d6c0,0x00000000a5c00000)
 Metaspace       used 9909K, capacity 9988K, committed 10240K, reserved 1058816K
  class space    used 1198K, capacity 1238K, committed 1280K, reserved 1048576K

Card table byte_map: [0x0000000012020000,0x0000000012320000] byte_map_base: 0x0000000011b12000

Marking Bits: (ParMarkBitMap*) 0x00000000674408c0
 Begin Bits: [0x0000000012d20000, 0x00000000144b0000)
 End Bits:   [0x00000000144b0000, 0x0000000015c40000)

Polling page: 0x0000000000ba0000

CodeCache: size=245760Kb used=4325Kb max_used=4334Kb free=241434Kb
 bounds [0x0000000002c60000, 0x00000000030b0000, 0x0000000011c60000]
 total_blobs=1545 nmethods=1227 adapters=231
 compilation: enabled

Compilation events (10 events):
Event: 2.577 Thread 0x0000000018841800 nmethod 1179 0x0000000003075690 code [0x0000000003075900, 0x00000000030765e8]
Event: 2.577 Thread 0x0000000018841800 1185       3       java.util.concurrent.locks.AbstractQueuedSynchronizer::release (33 bytes)
Event: 2.577 Thread 0x0000000018841800 nmethod 1185 0x0000000003076bd0 code [0x0000000003076d40, 0x0000000003077058]
Event: 2.577 Thread 0x0000000018841800 1180       3       java.util.concurrent.atomic.AtomicInteger::set (6 bytes)
Event: 2.578 Thread 0x0000000018841800 nmethod 1180 0x0000000003077150 code [0x00000000030772a0, 0x00000000030773f0]
Event: 2.578 Thread 0x0000000018841800 1181       3       com.google.common.cache.LocalCache$Segment::runUnlockedCleanup (15 bytes)
Event: 2.579 Thread 0x0000000018841800 nmethod 1181 0x0000000003077450 code [0x00000000030775e0, 0x0000000003077a68]
Event: 2.579 Thread 0x0000000018841800 1182       3       java.util.concurrent.locks.ReentrantLock::isHeldByCurrentThread (8 bytes)
Event: 2.580 Thread 0x0000000018841800 nmethod 1182 0x0000000003077bd0 code [0x0000000003077d40, 0x0000000003078090]
Event: 2.580 Thread 0x0000000018841800 1186       3       com.google.inject.internal.cglib.core.$EmitUtils::getSwitchKeys (59 bytes)

GC Heap History (10 events):
Event: 1.314 GC heap before
{Heap before GC invocations=1 (full 0):
 PSYoungGen      total 28672K, used 24576K [0x00000000e0980000, 0x00000000e2980000, 0x0000000100000000)
  eden space 24576K, 100% used [0x00000000e0980000,0x00000000e2180000,0x00000000e2180000)
  from space 4096K, 0% used [0x00000000e2580000,0x00000000e2580000,0x00000000e2980000)
  to   space 4096K, 0% used [0x00000000e2180000,0x00000000e2180000,0x00000000e2580000)
 ParOldGen       total 65536K, used 0K [0x00000000a1c00000, 0x00000000a5c00000, 0x00000000e0980000)
  object space 65536K, 0% used [0x00000000a1c00000,0x00000000a1c00000,0x00000000a5c00000)
 Metaspace       used 5244K, capacity 5350K, committed 5504K, reserved 1056768K
  class space    used 578K, capacity 593K, committed 640K, reserved 1048576K
Event: 1.321 GC heap after
Heap after GC invocations=1 (full 0):
 PSYoungGen      total 28672K, used 4073K [0x00000000e0980000, 0x00000000e2980000, 0x0000000100000000)
  eden space 24576K, 0% used [0x00000000e0980000,0x00000000e0980000,0x00000000e2180000)
  from space 4096K, 99% used [0x00000000e2180000,0x00000000e257a6c8,0x00000000e2580000)
  to   space 4096K, 0% used [0x00000000e2580000,0x00000000e2580000,0x00000000e2980000)
 ParOldGen       total 65536K, used 8K [0x00000000a1c00000, 0x00000000a5c00000, 0x00000000e0980000)
  object space 65536K, 0% used [0x00000000a1c00000,0x00000000a1c02000,0x00000000a5c00000)
 Metaspace       used 5244K, capacity 5350K, committed 5504K, reserved 1056768K
  class space    used 578K, capacity 593K, committed 640K, reserved 1048576K
}
Event: 1.359 GC heap before
{Heap before GC invocations=2 (full 0):
 PSYoungGen      total 28672K, used 28632K [0x00000000e0980000, 0x00000000e2980000, 0x0000000100000000)
  eden space 24576K, 99% used [0x00000000e0980000,0x00000000e217b958,0x00000000e2180000)
  from space 4096K, 99% used [0x00000000e2180000,0x00000000e257a6c8,0x00000000e2580000)
  to   space 4096K, 0% used [0x00000000e2580000,0x00000000e2580000,0x00000000e2980000)
 ParOldGen       total 65536K, used 8K [0x00000000a1c00000, 0x00000000a5c00000, 0x00000000e0980000)
  object space 65536K, 0% used [0x00000000a1c00000,0x00000000a1c02000,0x00000000a5c00000)
 Metaspace       used 5277K, capacity 5350K, committed 5504K, reserved 1056768K
  class space    used 580K, capacity 593K, committed 640K, reserved 1048576K
Event: 1.364 GC heap after
Heap after GC invocations=2 (full 0):
 PSYoungGen      total 28672K, used 3079K [0x00000000e0980000, 0x00000000e2980000, 0x0000000100000000)
  eden space 24576K, 0% used [0x00000000e0980000,0x00000000e0980000,0x00000000e2180000)
  from space 4096K, 75% used [0x00000000e2580000,0x00000000e2881e78,0x00000000e2980000)
  to   space 4096K, 0% used [0x00000000e2180000,0x00000000e2180000,0x00000000e2580000)
 ParOldGen       total 65536K, used 16K [0x00000000a1c00000, 0x00000000a5c00000, 0x00000000e0980000)
  object space 65536K, 0% used [0x00000000a1c00000,0x00000000a1c04000,0x00000000a5c00000)
 Metaspace       used 5277K, capacity 5350K, committed 5504K, reserved 1056768K
  class space    used 580K, capacity 593K, committed 640K, reserved 1048576K
}
Event: 1.378 GC heap before
{Heap before GC invocations=3 (full 0):
 PSYoungGen      total 28672K, used 27623K [0x00000000e0980000, 0x00000000e2980000, 0x0000000100000000)
  eden space 24576K, 99% used [0x00000000e0980000,0x00000000e2178118,0x00000000e2180000)
  from space 4096K, 75% used [0x00000000e2580000,0x00000000e2881e78,0x00000000e2980000)
  to   space 4096K, 0% used [0x00000000e2180000,0x00000000e2180000,0x00000000e2580000)
 ParOldGen       total 65536K, used 16K [0x00000000a1c00000, 0x00000000a5c00000, 0x00000000e0980000)
  object space 65536K, 0% used [0x00000000a1c00000,0x00000000a1c04000,0x00000000a5c00000)
 Metaspace       used 5277K, capacity 5350K, committed 5504K, reserved 1056768K
  class space    used 580K, capacity 593K, committed 640K, reserved 1048576K
Event: 1.382 GC heap after
Heap after GC invocations=3 (full 0):
 PSYoungGen      total 28672K, used 3091K [0x00000000e0980000, 0x00000000e2980000, 0x0000000100000000)
  eden space 24576K, 0% used [0x00000000e0980000,0x00000000e0980000,0x00000000e2180000)
  from space 4096K, 75% used [0x00000000e2180000,0x00000000e2484c68,0x00000000e2580000)
  to   space 4096K, 0% used [0x00000000e2580000,0x00000000e2580000,0x00000000e2980000)
 ParOldGen       total 65536K, used 24K [0x00000000a1c00000, 0x00000000a5c00000, 0x00000000e0980000)
  object space 65536K, 0% used [0x00000000a1c00000,0x00000000a1c06000,0x00000000a5c00000)
 Metaspace       used 5277K, capacity 5350K, committed 5504K, reserved 1056768K
  class space    used 580K, capacity 593K, committed 640K, reserved 1048576K
}
Event: 1.396 GC heap before
{Heap before GC invocations=4 (full 0):
 PSYoungGen      total 28672K, used 27636K [0x00000000e0980000, 0x00000000e2980000, 0x0000000100000000)
  eden space 24576K, 99% used [0x00000000e0980000,0x00000000e21784a8,0x00000000e2180000)
  from space 4096K, 75% used [0x00000000e2180000,0x00000000e2484c68,0x00000000e2580000)
  to   space 4096K, 0% used [0x00000000e2580000,0x00000000e2580000,0x00000000e2980000)
 ParOldGen       total 65536K, used 24K [0x00000000a1c00000, 0x00000000a5c00000, 0x00000000e0980000)
  object space 65536K, 0% used [0x00000000a1c00000,0x00000000a1c06000,0x00000000a5c00000)
 Metaspace       used 5277K, capacity 5350K, committed 5504K, reserved 1056768K
  class space    used 580K, capacity 593K, committed 640K, reserved 1048576K
Event: 1.401 GC heap after
Heap after GC invocations=4 (full 0):
 PSYoungGen      total 28672K, used 3109K [0x00000000e0980000, 0x00000000e2980000, 0x0000000100000000)
  eden space 24576K, 0% used [0x00000000e0980000,0x00000000e0980000,0x00000000e2180000)
  from space 4096K, 75% used [0x00000000e2580000,0x00000000e2889790,0x00000000e2980000)
  to   space 4096K, 0% used [0x00000000e2180000,0x00000000e2180000,0x00000000e2580000)
 ParOldGen       total 65536K, used 24K [0x00000000a1c00000, 0x00000000a5c00000, 0x00000000e0980000)
  object space 65536K, 0% used [0x00000000a1c00000,0x00000000a1c06000,0x00000000a5c00000)
 Metaspace       used 5277K, capacity 5350K, committed 5504K, reserved 1056768K
  class space    used 580K, capacity 593K, committed 640K, reserved 1048576K
}
Event: 2.168 GC heap before
{Heap before GC invocations=5 (full 0):
 PSYoungGen      total 28672K, used 27685K [0x00000000e0980000, 0x00000000e2980000, 0x0000000100000000)
  eden space 24576K, 100% used [0x00000000e0980000,0x00000000e2180000,0x00000000e2180000)
  from space 4096K, 75% used [0x00000000e2580000,0x00000000e2889790,0x00000000e2980000)
  to   space 4096K, 0% used [0x00000000e2180000,0x00000000e2180000,0x00000000e2580000)
 ParOldGen       total 65536K, used 24K [0x00000000a1c00000, 0x00000000a5c00000, 0x00000000e0980000)
  object space 65536K, 0% used [0x00000000a1c00000,0x00000000a1c06000,0x00000000a5c00000)
 Metaspace       used 8815K, capacity 8914K, committed 9088K, reserved 1056768K
  class space    used 1043K, capacity 1075K, committed 1152K, reserved 1048576K
Event: 2.176 GC heap after
Heap after GC invocations=5 (full 0):
 PSYoungGen      total 28672K, used 4066K [0x00000000e0980000, 0x00000000e2980000, 0x0000000100000000)
  eden space 24576K, 0% used [0x00000000e0980000,0x00000000e0980000,0x00000000e2180000)
  from space 4096K, 99% used [0x00000000e2180000,0x00000000e2578b88,0x00000000e2580000)
  to   space 4096K, 0% used [0x00000000e2580000,0x00000000e2580000,0x00000000e2980000)
 ParOldGen       total 65536K, used 2165K [0x00000000a1c00000, 0x00000000a5c00000, 0x00000000e0980000)
  object space 65536K, 3% used [0x00000000a1c00000,0x00000000a1e1d6c0,0x00000000a5c00000)
 Metaspace       used 8815K, capacity 8914K, committed 9088K, reserved 1056768K
  class space    used 1043K, capacity 1075K, committed 1152K, reserved 1048576K
}

Deoptimization events (10 events):
Event: 2.034 Thread 0x0000000002b66000 Uncommon trap: reason=unstable_if action=reinterpret pc=0x0000000002f96bd0 method=java.util.HashMap.getNode(ILjava/lang/Object;)Ljava/util/HashMap$Node; @ 129
Event: 2.090 Thread 0x0000000002b66000 Uncommon trap: reason=bimorphic action=maybe_recompile pc=0x0000000002e6c8f8 method=java.util.regex.Pattern$BmpCharProperty.match(Ljava/util/regex/Matcher;ILjava/lang/CharSequence;)Z @ 16
Event: 2.090 Thread 0x0000000002b66000 Uncommon trap: reason=bimorphic action=maybe_recompile pc=0x0000000002e6c8f8 method=java.util.regex.Pattern$BmpCharProperty.match(Ljava/util/regex/Matcher;ILjava/lang/CharSequence;)Z @ 16
Event: 2.090 Thread 0x0000000002b66000 Uncommon trap: reason=bimorphic action=maybe_recompile pc=0x0000000002e6c8f8 method=java.util.regex.Pattern$BmpCharProperty.match(Ljava/util/regex/Matcher;ILjava/lang/CharSequence;)Z @ 16
Event: 2.090 Thread 0x0000000002b66000 Uncommon trap: reason=bimorphic action=maybe_recompile pc=0x0000000002e927e0 method=java.util.regex.Pattern$CharProperty.match(Ljava/util/regex/Matcher;ILjava/lang/CharSequence;)Z @ 37
Event: 2.091 Thread 0x0000000002b66000 Uncommon trap: reason=bimorphic action=maybe_recompile pc=0x0000000002e6c8f8 method=java.util.regex.Pattern$BmpCharProperty.match(Ljava/util/regex/Matcher;ILjava/lang/CharSequence;)Z @ 16
Event: 2.091 Thread 0x0000000002b66000 Uncommon trap: reason=bimorphic action=maybe_recompile pc=0x0000000002e927e0 method=java.util.regex.Pattern$CharProperty.match(Ljava/util/regex/Matcher;ILjava/lang/CharSequence;)Z @ 37
Event: 2.091 Thread 0x0000000002b66000 Uncommon trap: reason=bimorphic action=maybe_recompile pc=0x0000000002e927e0 method=java.util.regex.Pattern$CharProperty.match(Ljava/util/regex/Matcher;ILjava/lang/CharSequence;)Z @ 37
Event: 2.092 Thread 0x0000000002b66000 Uncommon trap: reason=bimorphic action=maybe_recompile pc=0x0000000002e927e0 method=java.util.regex.Pattern$CharProperty.match(Ljava/util/regex/Matcher;ILjava/lang/CharSequence;)Z @ 37
Event: 2.187 Thread 0x0000000002b66000 Uncommon trap: reason=unstable_if action=reinterpret pc=0x0000000002f993c0 method=java.util.HashMap.getNode(ILjava/lang/Object;)Ljava/util/HashMap$Node; @ 129

Classes redefined (0 events):
No events

Internal exceptions (10 events):
Event: 1.997 Thread 0x0000000002b66000 Exception <a 'java/lang/ArrayIndexOutOfBoundsException'> (0x00000000e1eb64a0) thrown at [C:\re\workspace\8-2-build-windows-amd64-cygwin\jdk8u171\10807\hotspot\src\share\vm\runtime\sharedRuntime.cpp, line 605]
Event: 1.997 Thread 0x0000000002b66000 Exception <a 'java/lang/ArrayIndexOutOfBoundsException'> (0x00000000e1eb7af0) thrown at [C:\re\workspace\8-2-build-windows-amd64-cygwin\jdk8u171\10807\hotspot\src\share\vm\runtime\sharedRuntime.cpp, line 605]
Event: 1.998 Thread 0x0000000002b66000 Exception <a 'java/lang/ArrayIndexOutOfBoundsException'> (0x00000000e1eb90b8) thrown at [C:\re\workspace\8-2-build-windows-amd64-cygwin\jdk8u171\10807\hotspot\src\share\vm\runtime\sharedRuntime.cpp, line 605]
Event: 2.000 Thread 0x0000000002b66000 Exception <a 'java/lang/ArrayIndexOutOfBoundsException': 81> (0x00000000e1ec30a0) thrown at [C:\re\workspace\8-2-build-windows-amd64-cygwin\jdk8u171\10807\hotspot\src\share\vm\interpreter\interpreterRuntime.cpp, line 366]
Event: 2.000 Thread 0x0000000002b66000 Exception <a 'java/lang/ArrayIndexOutOfBoundsException': 111> (0x00000000e1ec4d78) thrown at [C:\re\workspace\8-2-build-windows-amd64-cygwin\jdk8u171\10807\hotspot\src\share\vm\interpreter\interpreterRuntime.cpp, line 366]
Event: 2.000 Thread 0x0000000002b66000 Exception <a 'java/lang/ArrayIndexOutOfBoundsException': 40> (0x00000000e1ec5b18) thrown at [C:\re\workspace\8-2-build-windows-amd64-cygwin\jdk8u171\10807\hotspot\src\share\vm\interpreter\interpreterRuntime.cpp, line 366]
Event: 2.000 Thread 0x0000000002b66000 Exception <a 'java/lang/ArrayIndexOutOfBoundsException': 113> (0x00000000e1ec7790) thrown at [C:\re\workspace\8-2-build-windows-amd64-cygwin\jdk8u171\10807\hotspot\src\share\vm\interpreter\interpreterRuntime.cpp, line 366]
Event: 2.001 Thread 0x0000000002b66000 Exception <a 'java/lang/ArrayIndexOutOfBoundsException': 71> (0x00000000e1ec8ce8) thrown at [C:\re\workspace\8-2-build-windows-amd64-cygwin\jdk8u171\10807\hotspot\src\share\vm\interpreter\interpreterRuntime.cpp, line 366]
Event: 2.001 Thread 0x0000000002b66000 Exception <a 'java/lang/ArrayIndexOutOfBoundsException': 112> (0x00000000e1eca560) thrown at [C:\re\workspace\8-2-build-windows-amd64-cygwin\jdk8u171\10807\hotspot\src\share\vm\interpreter\interpreterRuntime.cpp, line 366]
Event: 2.001 Thread 0x0000000002b66000 Exception <a 'java/lang/ArrayIndexOutOfBoundsException': 29> (0x00000000e1ecb9e0) thrown at [C:\re\workspace\8-2-build-windows-amd64-cygwin\jdk8u171\10807\hotspot\src\share\vm\interpreter\interpreterRuntime.cpp, line 366]

Events (10 events):
Event: 2.542 loading class io/janusproject/kernel/bic/InternalEventBusCapacity
Event: 2.542 loading class io/janusproject/kernel/bic/InternalEventBusCapacity done
Event: 2.543 loading class io/sarl/lang/core/Capacity
Event: 2.543 loading class io/sarl/lang/core/Capacity done
Event: 2.545 loading class org/eclipse/xtext/xbase/lib/Procedures$Procedure2
Event: 2.545 loading class org/eclipse/xtext/xbase/lib/Procedures$Procedure2 done
Event: 2.567 loading class io/sarl/lang/core/EventSpace
Event: 2.567 loading class io/sarl/lang/core/EventSpace done
Event: 2.576 loading class io/sarl/util/OpenEventSpace
Event: 2.576 loading class io/sarl/util/OpenEventSpace done


Dynamic libraries:
0x00007ff62fda0000 - 0x00007ff62fdd7000 	C:\Program Files\Java\jre1.8.0_171\bin\javaw.exe
0x00007ffcf1320000 - 0x00007ffcf1501000 	C:\WINDOWS\SYSTEM32\ntdll.dll
0x00007ffcf11f0000 - 0x00007ffcf12a2000 	C:\WINDOWS\System32\KERNEL32.DLL
0x00007ffced750000 - 0x00007ffced9c3000 	C:\WINDOWS\System32\KERNELBASE.dll
0x00007ffcee880000 - 0x00007ffcee921000 	C:\WINDOWS\System32\ADVAPI32.dll
0x00007ffceee20000 - 0x00007ffceeebe000 	C:\WINDOWS\System32\msvcrt.dll
0x00007ffcef110000 - 0x00007ffcef16b000 	C:\WINDOWS\System32\sechost.dll
0x00007ffcf0c00000 - 0x00007ffcf0d24000 	C:\WINDOWS\System32\RPCRT4.dll
0x00007ffceebc0000 - 0x00007ffceed50000 	C:\WINDOWS\System32\USER32.dll
0x00007ffcee790000 - 0x00007ffcee7b0000 	C:\WINDOWS\System32\win32u.dll
0x00007ffcf0bd0000 - 0x00007ffcf0bf8000 	C:\WINDOWS\System32\GDI32.dll
0x00007ffced9d0000 - 0x00007ffcedb62000 	C:\WINDOWS\System32\gdi32full.dll
0x00007ffcee6f0000 - 0x00007ffcee78f000 	C:\WINDOWS\System32\msvcp_win.dll
0x00007ffcee540000 - 0x00007ffcee63a000 	C:\WINDOWS\System32\ucrtbase.dll
0x00007ffce1cf0000 - 0x00007ffce1f59000 	C:\WINDOWS\WinSxS\amd64_microsoft.windows.common-controls_6595b64144ccf1df_6.0.17134.112_none_fb3f961b30681c12\COMCTL32.dll
0x00007ffcf08a0000 - 0x00007ffcf0bc3000 	C:\WINDOWS\System32\combase.dll
0x00007ffcee280000 - 0x00007ffcee2fa000 	C:\WINDOWS\System32\bcryptPrimitives.dll
0x00007ffcf12c0000 - 0x00007ffcf12ed000 	C:\WINDOWS\System32\IMM32.DLL
0x00000000669e0000 - 0x0000000066ab2000 	C:\Program Files\Java\jre1.8.0_171\bin\msvcr100.dll
0x0000000066c20000 - 0x00000000674c0000 	C:\Program Files\Java\jre1.8.0_171\bin\server\jvm.dll
0x00007ffcf0d30000 - 0x00007ffcf0d38000 	C:\WINDOWS\System32\PSAPI.DLL
0x00007ffce9f30000 - 0x00007ffce9f39000 	C:\WINDOWS\SYSTEM32\WSOCK32.dll
0x00007ffce3430000 - 0x00007ffce343a000 	C:\WINDOWS\SYSTEM32\VERSION.dll
0x00007ffcee810000 - 0x00007ffcee87c000 	C:\WINDOWS\System32\WS2_32.dll
0x00007ffcebb30000 - 0x00007ffcebb53000 	C:\WINDOWS\SYSTEM32\WINMM.dll
0x00007ffcebb00000 - 0x00007ffcebb2a000 	C:\WINDOWS\SYSTEM32\WINMMBASE.dll
0x00007ffcee300000 - 0x00007ffcee349000 	C:\WINDOWS\System32\cfgmgr32.dll
0x0000000068110000 - 0x000000006811f000 	C:\Program Files\Java\jre1.8.0_171\bin\verify.dll
0x00000000680e0000 - 0x0000000068109000 	C:\Program Files\Java\jre1.8.0_171\bin\java.dll
0x00000000680c0000 - 0x00000000680d6000 	C:\Program Files\Java\jre1.8.0_171\bin\zip.dll
0x00007ffcef370000 - 0x00007ffcf07b0000 	C:\WINDOWS\System32\SHELL32.dll
0x00007ffceed50000 - 0x00007ffceedf9000 	C:\WINDOWS\System32\shcore.dll
0x00007ffcedb70000 - 0x00007ffcee27d000 	C:\WINDOWS\System32\windows.storage.dll
0x00007ffcf1190000 - 0x00007ffcf11e1000 	C:\WINDOWS\System32\shlwapi.dll
0x00007ffced690000 - 0x00007ffced6a1000 	C:\WINDOWS\System32\kernel.appcore.dll
0x00007ffced6b0000 - 0x00007ffced6cf000 	C:\WINDOWS\System32\profapi.dll
0x00007ffced630000 - 0x00007ffced67c000 	C:\WINDOWS\System32\powrprof.dll
0x00007ffced680000 - 0x00007ffced68a000 	C:\WINDOWS\System32\FLTLIB.DLL

VM Arguments:
jvm_args: -Dfile.encoding=UTF-8 
java_command: io.janusproject.Boot --nologo --log=info --offline --worldid environnement.Simulation --
java_class_path (initial): C:\Users\Mathilde\Desktop\IA51\SARL\plugins\io.janusproject.plugin_0.7.2.jar;C:\Users\Mathilde\Desktop\IA51\SARL\plugins\io.sarl.core_0.7.2.jar;C:\Users\Mathilde\Desktop\IA51\SARL\plugins\io.sarl.util_0.7.2.jar;C:\Users\Mathilde\Desktop\IA51\SARL\plugins\io.sarl.javafx_0.7.2.jar;C:\Users\Mathilde\Desktop\IA51\SARL\plugins\com.hazelcast_3.9.0.EA.jar;C:\Users\Mathilde\Desktop\IA51\SARL\plugins\org.zeromq.jeromq_0.4.2.jar;C:\Users\Mathilde\Desktop\IA51\SARL\plugins\com.google.inject_4.1.0.jar;C:\Users\Mathilde\Desktop\IA51\SARL\plugins\org.apache.commons.cli_1.3.1.jar;C:\Users\Mathilde\Desktop\IA51\SARL\plugins\org.arakhne.afc.core.vmutils_14.0.0.jar;C:\Users\Mathilde\Desktop\IA51\SARL\plugins\org.arakhne.afc.core.util_14.0.0.jar;C:\Users\Mathilde\Desktop\IA51\SARL\plugins\com.google.code.gson_2.8.0.jar;C:\Users\Mathilde\Desktop\IA51\SARL\plugins\io.sarl.lang.core_0.7.2.jar;C:\Users\Mathilde\Desktop\IA51\SARL\plugins\org.apache.log4j_1.2.15.v201012070815.jar;C:\Users\Mathilde\Desktop\IA51\SARL\plugins\org.slf4j.api_1.7.2.v20121108-1250.jar;C:\Users\Mathilde\Desktop\IA51\SARL\plugins\com.google.inject.multibindings_4.1.0.jar;C:\Users\Mathilde\Desktop\IA51\SARL\plugins\aopalliance_1.0.0.jar;C:\Users\Mathilde\Desktop\IA51\SARL\plugins\org.eclipse.xtext.xbase.lib_2.13.0.v20171020-0659.jar;C:\Users\Mathilde\Desktop\IA51\SARL\plugins\javax.inject_1.0.0.v20091030.jar;C:\Users\Mathilde\Desktop\IA51\SARL\plugins\org.eclipse.xtext.logging_1.2.15.v20171020-0732.jar;C:\Users\Mathilde\Desktop\IA51\SARL\plugins\org.eclipse.core.runtime_3.13.0.v20170207-1030.jar;C:\Users\Mathilde\Desktop\IA51\SARL\plugins\org.slf4j.impl.log4j12_1.7.2.v20131105-2200.jar;C:\Users\Mathilde\Desktop\IA51\SARL\plugins\com.google.guava_21.0.0.v20170206-1425.jar;C:\Users\Mathilde\Desktop\IA51\SARL\plugins\org.eclipse.equinox.common_3.9.0.v20170207-1454.jar;C:\Users\Mathilde\Desktop\IA51\SARL\plugins\org.eclipse.core.jobs_3.9.3.v20180115-1757.jar;C:\Users\Mathilde\Desktop\IA51\SAR
Launcher Type: SUN_STANDARD

Environment Variables:
PATH=C:/Program Files/Java/jre1.8.0_171/bin/server;C:/Program Files/Java/jre1.8.0_171/bin;C:/Program Files/Java/jre1.8.0_171/lib/amd64;C:\Program Files (x86)\Common Files\Oracle\Java\javapath;C:\Program Files (x86)\Embarcadero\RAD Studio\12.0\bin;C:\Users\Public\Documents\RAD Studio\12.0\Bpl;C:\Program Files (x86)\Embarcadero\RAD Studio\12.0\bin64;C:\Users\Public\Documents\RAD Studio\12.0\Bpl\Win64;C:\Program Files (x86)\Embarcadero\Studio\15.0\bin;C:\Users\Public\Documents\Embarcadero\Studio\15.0\Bpl;C:\Program Files (x86)\Embarcadero\Studio\15.0\bin64;C:\Users\Public\Documents\Embarcadero\Studio\15.0\Bpl\Win64;C:\ProgramData\Oracle\Java\javapath;C:\Program Files (x86)\Intel\iCLS Client\;C:\Program Files\Intel\iCLS Client\;C:\Windows\system32;C:\Windows;C:\Windows\System32\Wbem;C:\Windows\System32\WindowsPowerShell\v1.0\;C:\Program Files\Intel\Intel(R) Management Engine Components\DAL;C:\Program Files\Intel\Intel(R) Management Engine Components\IPT;C:\Program Files (x86)\Intel\Intel(R) Management Engine Components\DAL;C:\Program Files (x86)\Intel\Intel(R) Management Engine Components\IPT;C:\Program Files\TortoiseSVN\bin;C:\Program Files\MATLAB\R2012a\runtime\win64;C:\Program Files\MATLAB\R2012a\bin;C:\Program Files (x86)\NVIDIA Corporation\PhysX\Common;C:\WINDOWS\system32;C:\WINDOWS;C:\WINDOWS\System32\Wbem;C:\WINDOWS\System32\WindowsPowerShell\v1.0\;C:\Program Files (x86)\Skype\Phone\;C:\TDM-GCC-64\bin;C:\Program Files\Git\cmd;C:\Program Files\Microsoft SQL Server\130\Tools\Binn\;C:\Program Files\dotnet\;C:\Program Files\MiKTeX 2.9\miktex\bin\x64\;C:\WINDOWS\System32\OpenSSH\;C:\Users\Mathilde\AppData\Local\Microsoft\WindowsApps;C:\Users\Mathilde\AppData\Local\GitHubDesktop\bin;%USERPROFILE%\AppData\Local\Microsoft\WindowsApps;;C:\Users\Mathilde\Desktop\IA51\SARL;
USERNAME=Mathilde
OS=Windows_NT
PROCESSOR_IDENTIFIER=Intel64 Family 6 Model 60 Stepping 3, GenuineIntel



---------------  S Y S T E M  ---------------

OS: Windows 10.0 , 64 bit Build 17134 (10.0.17134.1)

CPU:total 8 (initial active 8) (4 cores per cpu, 2 threads per core) family 6 model 60 stepping 3, cmov, cx8, fxsr, mmx, sse, sse2, sse3, ssse3, sse4.1, sse4.2, popcnt, avx, avx2, aes, clmul, erms, lzcnt, ht, tsc, tscinvbit, bmi1, bmi2

Memory: 4k page, physical 6171708k(1237376k free), swap 6171708k(5960k free)

vm_info: Java HotSpot(TM) 64-Bit Server VM (25.171-b11) for windows-amd64 JRE (1.8.0_171-b11), built on Mar 28 2018 16:06:12 by "java_re" with MS VC++ 10.0 (VS2010)

time: Sun Jun 17 11:17:17 2018
elapsed time: 2 seconds (0d 0h 0m 2s)

